This is pdfTeX, Version 3.1415926-2.4-1.40.13 (MiKTeX 2.9 64-bit) (preloaded format=pdflatex 2017.5.27)  4 JUN 2017 18:34
entering extended mode
**CITS2200*project*report.tex

("D:\Documents\stuff\UWA\2nd Year\Sem 1\CITS2200 - Data Structures and Algorith
ms\2200Project\lib\report\CITS2200 project report.tex"
LaTeX2e <2011/06/27>
Babel <v3.8m> and hyphenation patterns for english, afrikaans, ancientgreek, ar
abic, armenian, assamese, basque, bengali, bokmal, bulgarian, catalan, coptic, 
croatian, czech, danish, dutch, esperanto, estonian, farsi, finnish, french, ga
lician, german, german-x-2012-05-30, greek, gujarati, hindi, hungarian, iceland
ic, indonesian, interlingua, irish, italian, kannada, kurmanji, latin, latvian,
 lithuanian, malayalam, marathi, mongolian, mongolianlmc, monogreek, ngerman, n
german-x-2012-05-30, nynorsk, oriya, panjabi, pinyin, polish, portuguese, roman
ian, russian, sanskrit, serbian, slovak, slovenian, spanish, swedish, swissgerm
an, tamil, telugu, turkish, turkmen, ukenglish, ukrainian, uppersorbian, usengl
ishmax, welsh, loaded.
("D:\Program Files (x86)\MiKTeX\tex\latex\base\article.cls"
Document Class: article 2007/10/19 v1.4h Standard LaTeX document class
("D:\Program Files (x86)\MiKTeX\tex\latex\base\size11.clo"
File: size11.clo 2007/10/19 v1.4h Standard LaTeX file (size option)
)
\c@part=\count79
\c@section=\count80
\c@subsection=\count81
\c@subsubsection=\count82
\c@paragraph=\count83
\c@subparagraph=\count84
\c@figure=\count85
\c@table=\count86
\abovecaptionskip=\skip41
\belowcaptionskip=\skip42
\bibindent=\dimen102
)
("D:\Program Files (x86)\MiKTeX\tex\latex\graphics\graphicx.sty"
Package: graphicx 1999/02/16 v1.0f Enhanced LaTeX Graphics (DPC,SPQR)

("D:\Program Files (x86)\MiKTeX\tex\latex\graphics\keyval.sty"
Package: keyval 1999/03/16 v1.13 key=value parser (DPC)
\KV@toks@=\toks14
)
("D:\Program Files (x86)\MiKTeX\tex\latex\graphics\graphics.sty"
Package: graphics 2009/02/05 v1.0o Standard LaTeX Graphics (DPC,SPQR)

("D:\Program Files (x86)\MiKTeX\tex\latex\graphics\trig.sty"
Package: trig 1999/03/16 v1.09 sin cos tan (DPC)
)
("D:\Program Files (x86)\MiKTeX\tex\latex\00miktex\graphics.cfg"
File: graphics.cfg 2007/01/18 v1.5 graphics configuration of teTeX/TeXLive
)
Package graphics Info: Driver file: pdftex.def on input line 91.

("D:\Program Files (x86)\MiKTeX\tex\latex\pdftex-def\pdftex.def"
File: pdftex.def 2011/05/27 v0.06d Graphics/color for pdfTeX

("D:\Program Files (x86)\MiKTeX\tex\generic\oberdiek\infwarerr.sty"
Package: infwarerr 2010/04/08 v1.3 Providing info/warning/error messages (HO)
)
("D:\Program Files (x86)\MiKTeX\tex\generic\oberdiek\ltxcmds.sty"
Package: ltxcmds 2011/11/09 v1.22 LaTeX kernel commands for general use (HO)
)
\Gread@gobject=\count87
))
\Gin@req@height=\dimen103
\Gin@req@width=\dimen104
)
("D:\Program Files (x86)\MiKTeX\tex\latex\caption\subcaption.sty"
Package: subcaption 2016/05/22 v1.1-161 Sub-captions (AR)

("D:\Program Files (x86)\MiKTeX\tex\latex\caption\caption.sty"
Package: caption 2016/02/21 v3.3-144 Customizing captions (AR)

("D:\Program Files (x86)\MiKTeX\tex\latex\caption\caption3.sty"
Package: caption3 2016/05/22 v1.7-166 caption3 kernel (AR)
Package caption3 Info: TeX engine: e-TeX on input line 67.
\captionmargin=\dimen105
\captionmargin@=\dimen106
\captionwidth=\dimen107
\caption@tempdima=\dimen108
\caption@indent=\dimen109
\caption@parindent=\dimen110
\caption@hangindent=\dimen111
)
\c@ContinuedFloat=\count88
)
\c@subfigure=\count89
\c@subtable=\count90
)
("D:\Program Files (x86)\MiKTeX\tex\latex\hyperref\hyperref.sty"
Package: hyperref 2012/11/06 v6.83m Hypertext links for LaTeX

("D:\Program Files (x86)\MiKTeX\tex\generic\oberdiek\hobsub-hyperref.sty"
Package: hobsub-hyperref 2012/04/25 v1.12 Bundle oberdiek, subset hyperref (HO)


("D:\Program Files (x86)\MiKTeX\tex\generic\oberdiek\hobsub-generic.sty"
Package: hobsub-generic 2012/04/25 v1.12 Bundle oberdiek, subset generic (HO)
Package: hobsub 2012/04/25 v1.12 Construct package bundles (HO)
Package hobsub Info: Skipping package `infwarerr' (already loaded).
Package hobsub Info: Skipping package `ltxcmds' (already loaded).
Package: ifluatex 2010/03/01 v1.3 Provides the ifluatex switch (HO)
Package ifluatex Info: LuaTeX not detected.
Package: ifvtex 2010/03/01 v1.5 Detect VTeX and its facilities (HO)
Package ifvtex Info: VTeX not detected.
Package: intcalc 2007/09/27 v1.1 Expandable calculations with integers (HO)
Package: ifpdf 2011/01/30 v2.3 Provides the ifpdf switch (HO)
Package ifpdf Info: pdfTeX in PDF mode is detected.
Package: etexcmds 2011/02/16 v1.5 Avoid name clashes with e-TeX commands (HO)
Package etexcmds Info: Could not find \expanded.
(etexcmds)             That can mean that you are not using pdfTeX 1.50 or
(etexcmds)             that some package has redefined \expanded.
(etexcmds)             In the latter case, load this package earlier.
Package: kvsetkeys 2012/04/25 v1.16 Key value parser (HO)
Package: kvdefinekeys 2011/04/07 v1.3 Define keys (HO)
Package: pdftexcmds 2011/11/29 v0.20 Utility functions of pdfTeX for LuaTeX (HO
)
Package pdftexcmds Info: LuaTeX not detected.
Package pdftexcmds Info: \pdf@primitive is available.
Package pdftexcmds Info: \pdf@ifprimitive is available.
Package pdftexcmds Info: \pdfdraftmode found.
Package: pdfescape 2011/11/25 v1.13 Implements pdfTeX's escape features (HO)
Package: bigintcalc 2012/04/08 v1.3 Expandable calculations on big integers (HO
)
Package: bitset 2011/01/30 v1.1 Handle bit-vector datatype (HO)
Package: uniquecounter 2011/01/30 v1.2 Provide unlimited unique counter (HO)
)
Package hobsub Info: Skipping package `hobsub' (already loaded).
Package: letltxmacro 2010/09/02 v1.4 Let assignment for LaTeX macros (HO)
Package: hopatch 2011/06/24 v1.1 Wrapper for package hooks (HO)
Package: xcolor-patch 2011/01/30 xcolor patch
Package: atveryend 2011/06/30 v1.8 Hooks at the very end of document (HO)
Package atveryend Info: \enddocument detected (standard20110627).
Package: atbegshi 2011/10/05 v1.16 At begin shipout hook (HO)
Package: refcount 2011/10/16 v3.4 Data extraction from label references (HO)
Package: hycolor 2011/01/30 v1.7 Color options for hyperref/bookmark (HO)
)
("D:\Program Files (x86)\MiKTeX\tex\generic\ifxetex\ifxetex.sty"
Package: ifxetex 2010/09/12 v0.6 Provides ifxetex conditional
)
("D:\Program Files (x86)\MiKTeX\tex\latex\oberdiek\auxhook.sty"
Package: auxhook 2011/03/04 v1.3 Hooks for auxiliary files (HO)
)
("D:\Program Files (x86)\MiKTeX\tex\latex\oberdiek\kvoptions.sty"
Package: kvoptions 2011/06/30 v3.11 Key value format for package options (HO)
)
\@linkdim=\dimen112
\Hy@linkcounter=\count91
\Hy@pagecounter=\count92

("D:\Program Files (x86)\MiKTeX\tex\latex\hyperref\pd1enc.def"
File: pd1enc.def 2012/11/06 v6.83m Hyperref: PDFDocEncoding definition (HO)
)
\Hy@SavedSpaceFactor=\count93

("D:\Program Files (x86)\MiKTeX\tex\latex\00miktex\hyperref.cfg"
File: hyperref.cfg 2002/06/06 v1.2 hyperref configuration of TeXLive
)
Package hyperref Info: Hyper figures OFF on input line 4443.
Package hyperref Info: Link nesting OFF on input line 4448.
Package hyperref Info: Hyper index ON on input line 4451.
Package hyperref Info: Plain pages OFF on input line 4458.
Package hyperref Info: Backreferencing OFF on input line 4463.
Package hyperref Info: Implicit mode ON; LaTeX internals redefined.
Package hyperref Info: Bookmarks ON on input line 4688.
\c@Hy@tempcnt=\count94

("D:\Program Files (x86)\MiKTeX\tex\latex\ltxmisc\url.sty"
\Urlmuskip=\muskip10
Package: url 2006/04/12  ver 3.3  Verb mode for urls, etc.
)
LaTeX Info: Redefining \url on input line 5041.
\XeTeXLinkMargin=\dimen113
\Fld@menulength=\count95
\Field@Width=\dimen114
\Fld@charsize=\dimen115
Package hyperref Info: Hyper figures OFF on input line 6295.
Package hyperref Info: Link nesting OFF on input line 6300.
Package hyperref Info: Hyper index ON on input line 6303.
Package hyperref Info: backreferencing OFF on input line 6310.
Package hyperref Info: Link coloring OFF on input line 6315.
Package hyperref Info: Link coloring with OCG OFF on input line 6320.
Package hyperref Info: PDF/A mode OFF on input line 6325.
LaTeX Info: Redefining \ref on input line 6365.
LaTeX Info: Redefining \pageref on input line 6369.
\Hy@abspage=\count96
\c@Item=\count97
\c@Hfootnote=\count98
)

Package hyperref Message: Driver (autodetected): hpdftex.

("D:\Program Files (x86)\MiKTeX\tex\latex\hyperref\hpdftex.def"
File: hpdftex.def 2012/11/06 v6.83m Hyperref driver for pdfTeX
\Fld@listcount=\count99
\c@bookmark@seq@number=\count100

("D:\Program Files (x86)\MiKTeX\tex\latex\oberdiek\rerunfilecheck.sty"
Package: rerunfilecheck 2011/04/15 v1.7 Rerun checks for auxiliary files (HO)
Package uniquecounter Info: New unique counter `rerunfilecheck' on input line 2
82.
)
\Hy@SectionHShift=\skip43
)
("D:\Program Files (x86)\MiKTeX\tex\latex\ltxmisc\parskip.sty"
Package: parskip 2001/04/09 non-zero parskip adjustments
)
("D:\Documents\stuff\UWA\2nd Year\Sem 1\CITS2200 - Data Structures and Algorith
ms\2200Project\lib\report\CITS2200 project report.aux")
LaTeX Font Info:    Checking defaults for OML/cmm/m/it on input line 8.
LaTeX Font Info:    ... okay on input line 8.
LaTeX Font Info:    Checking defaults for T1/cmr/m/n on input line 8.
LaTeX Font Info:    ... okay on input line 8.
LaTeX Font Info:    Checking defaults for OT1/cmr/m/n on input line 8.
LaTeX Font Info:    ... okay on input line 8.
LaTeX Font Info:    Checking defaults for OMS/cmsy/m/n on input line 8.
LaTeX Font Info:    ... okay on input line 8.
LaTeX Font Info:    Checking defaults for OMX/cmex/m/n on input line 8.
LaTeX Font Info:    ... okay on input line 8.
LaTeX Font Info:    Checking defaults for U/cmr/m/n on input line 8.
LaTeX Font Info:    ... okay on input line 8.
LaTeX Font Info:    Checking defaults for PD1/pdf/m/n on input line 8.
LaTeX Font Info:    ... okay on input line 8.

("D:\Program Files (x86)\MiKTeX\tex\context\base\supp-pdf.mkii"
[Loading MPS to PDF converter (version 2006.09.02).]
\scratchcounter=\count101
\scratchdimen=\dimen116
\scratchbox=\box26
\nofMPsegments=\count102
\nofMParguments=\count103
\everyMPshowfont=\toks15
\MPscratchCnt=\count104
\MPscratchDim=\dimen117
\MPnumerator=\count105
\makeMPintoPDFobject=\count106
\everyMPtoPDFconversion=\toks16
)
Package caption Info: Begin \AtBeginDocument code.
Package caption Info: hyperref package is loaded.
Package caption Info: End \AtBeginDocument code.
\AtBeginShipoutBox=\box27
Package hyperref Info: Link coloring OFF on input line 8.
 ("D:\Program Files (x86)\MiKTeX\tex\latex\hyperref\nameref.sty"
Package: nameref 2012/10/27 v2.43 Cross-referencing by name of section

("D:\Program Files (x86)\MiKTeX\tex\generic\oberdiek\gettitlestring.sty"
Package: gettitlestring 2010/12/03 v1.4 Cleanup title references (HO)
)
\c@section@level=\count107
)
LaTeX Info: Redefining \ref on input line 8.
LaTeX Info: Redefining \pageref on input line 8.
LaTeX Info: Redefining \nameref on input line 8.

("D:\Documents\stuff\UWA\2nd Year\Sem 1\CITS2200 - Data Structures and Algorith
ms\2200Project\lib\report\CITS2200 project report.out")
("D:\Documents\stuff\UWA\2nd Year\Sem 1\CITS2200 - Data Structures and Algorith
ms\2200Project\lib\report\CITS2200 project report.out")
\@outlinefile=\write3
LaTeX Font Info:    External font `cmex10' loaded for size
(Font)              <12> on input line 10.
LaTeX Font Info:    External font `cmex10' loaded for size
(Font)              <8> on input line 10.
LaTeX Font Info:    External font `cmex10' loaded for size
(Font)              <6> on input line 10.

Overfull \hbox (1.54639pt too wide) in paragraph at lines 10--10
 [][] 
 []

<images/Undirected_graph.jpg, id=79, 1284.8pt x 851.18pt>
File: images/Undirected_graph.jpg Graphic file (type jpg)

<use images/Undirected_graph.jpg>
Package pdftex.def Info: images/Undirected_graph.jpg used on input line 18.
(pdftex.def)             Requested size: 71.9989pt x 47.69173pt.
LaTeX Font Info:    External font `cmex10' loaded for size
(Font)              <10.95> on input line 21.

<images/directedGraph.jpg, id=80, 125.46875pt x 90.83937pt>
File: images/directedGraph.jpg Graphic file (type jpg)

<use images/directedGraph.jpg>
Package pdftex.def Info: images/directedGraph.jpg used on input line 24.
(pdftex.def)             Requested size: 71.9989pt x 52.12965pt.

<images/weighted_graph.jpg, id=82, 176.91093pt x 149.05687pt>
File: images/weighted_graph.jpg Graphic file (type jpg)

<use images/weighted_graph.jpg>
Package pdftex.def Info: images/weighted_graph.jpg used on input line 34.
(pdftex.def)             Requested size: 88.45525pt x 74.52824pt.
 [1

{C:/ProgramData/MiKTeX/2.9/pdftex/config/pdftex.map} <D:/Documents/stuff/UWA/2n
d Year/Sem 1/CITS2200 - Data Structures and Algorithms/2200Project/lib/report/i
mages/Undirected_graph.jpg> <D:/Documents/stuff/UWA/2nd Year/Sem 1/CITS2200 - D
ata Structures and Algorithms/2200Project/lib/report/images/directedGraph.jpg> 
<D:/Documents/stuff/UWA/2nd Year/Sem 1/CITS2200 - Data Structures and Algorithm
s/2200Project/lib/report/images/weighted_graph.jpg>]
Overfull \hbox (9.7432pt too wide) in paragraph at lines 43--44
\OT1/cmtt/m/n/10.95 WikiGraphAnalyzer \OT1/cmr/m/n/10.95 class. The fol-low-ing
 prob-lems were to be solved: [[]] 
 []

Missing character: There is no â in font cmr10!
Missing character: There is no € in font cmr10!
Missing character: There is no ˜ in font cmr10!
Missing character: There is no â in font cmr10!
Missing character: There is no € in font cmr10!
Missing character: There is no ™ in font cmr10!
[2]
LaTeX Font Info:    Try loading font information for OMS+cmr on input line 55.
 ("D:\Program Files (x86)\MiKTeX\tex\latex\base\omscmr.fd"
File: omscmr.fd 1999/05/25 v2.5h Standard LaTeX font definitions
)
LaTeX Font Info:    Font shape `OMS/cmr/m/n' in size <10.95> not available
(Font)              Font shape `OMS/cmsy/m/n' tried instead on input line 55.
 [3]
<images/dijkstra.jpg, id=113, 572.89032pt x 330.48468pt>
File: images/dijkstra.jpg Graphic file (type jpg)

<use images/dijkstra.jpg>
Package pdftex.def Info: images/dijkstra.jpg used on input line 65.
(pdftex.def)             Requested size: 360.0pt x 207.67696pt.

<images/dijkstra.png, id=114, 531.9875pt x 408.52625pt>
File: images/dijkstra.png Graphic file (type png)

<use images/dijkstra.png>
Package pdftex.def Info: images/dijkstra.png used on input line 80.
(pdftex.def)             Requested size: 265.9931pt x 204.26262pt.
 [4 <D:/Documents/stuff/UWA/2nd Year/Sem 1/CITS2200 - Data Structures and Algor
ithms/2200Project/lib/report/images/dijkstra.jpg>]
[5 <D:/Documents/stuff/UWA/2nd Year/Sem 1/CITS2200 - Data Structures and Algori
thms/2200Project/lib/report/images/dijkstra.png>]
<images/Capture.jpg, id=132, 465.23813pt x 335.75438pt>
File: images/Capture.jpg Graphic file (type jpg)

<use images/Capture.jpg>
Package pdftex.def Info: images/Capture.jpg used on input line 87.
(pdftex.def)             Requested size: 232.61848pt x 167.87677pt.
 [6 <D:/Documents/stuff/UWA/2nd Year/Sem 1/CITS2200 - Data Structures and Algor
ithms/2200Project/lib/report/images/Capture.jpg>]
<images/hamiltonian_performance.png, id=138, 383.18156pt x 309.40594pt>
File: images/hamiltonian_performance.png Graphic file (type png)

<use images/hamiltonian_performance.png>
Package pdftex.def Info: images/hamiltonian_performance.png used on input line 
96.
(pdftex.def)             Requested size: 191.5903pt x 154.70259pt.

Overfull \hbox (16.3528pt too wide) in paragraph at lines 101--101
[]\OT1/cmr/bx/n/12 Problem 3 - Strongly con-nected com-po-nents of a graph 
 []

[7 <D:/Documents/stuff/UWA/2nd Year/Sem 1/CITS2200 - Data Structures and Algori
thms/2200Project/lib/report/images/hamiltonian_performance.png>]
<images/SCC.jpg, id=147, 247.98529pt x 247.98529pt>
File: images/SCC.jpg Graphic file (type jpg)
 <use images/SCC.jpg>
Package pdftex.def Info: images/SCC.jpg used on input line 114.
(pdftex.def)             Requested size: 123.99234pt x 123.99234pt.

<images/kosaraju.jpg, id=149, 341.77687pt x 355.3275pt>
File: images/kosaraju.jpg Graphic file (type jpg)

<use images/kosaraju.jpg>
Package pdftex.def Info: images/kosaraju.jpg used on input line 121.
(pdftex.def)             Requested size: 170.88802pt x 177.6633pt.
 [8 <D:/Documents/stuff/UWA/2nd Year/Sem 1/CITS2200 - Data Structures and Algor
ithms/2200Project/lib/report/images/SCC.jpg> <D:/Documents/stuff/UWA/2nd Year/S
em 1/CITS2200 - Data Structures and Algorithms/2200Project/lib/report/images/ko
saraju.jpg>]
<images/strongconnect.png, id=158, 541.02126pt x 413.545pt>
File: images/strongconnect.png Graphic file (type png)

<use images/strongconnect.png>
Package pdftex.def Info: images/strongconnect.png used on input line 130.
(pdftex.def)             Requested size: 270.50996pt x 206.77199pt.
 [9 <D:/Documents/stuff/UWA/2nd Year/Sem 1/CITS2200 - Data Structures and Algor
ithms/2200Project/lib/report/images/strongconnect.png>] <images/centers.jpg, id
=166, 204.765pt x 279.29344pt>
File: images/centers.jpg Graphic file (type jpg)

<use images/centers.jpg>
Package pdftex.def Info: images/centers.jpg used on input line 141.
(pdftex.def)             Requested size: 102.38223pt x 139.64638pt.

Underfull \hbox (badness 10000) in paragraph at lines 134--145

 []

[10 <D:/Documents/stuff/UWA/2nd Year/Sem 1/CITS2200 - Data Structures and Algor
ithms/2200Project/lib/report/images/centers.jpg>]
<images/centres.png, id=174, 544.0325pt x 409.53pt>
File: images/centres.png Graphic file (type png)
 <use images/centres.png>
Package pdftex.def Info: images/centres.png used on input line 150.
(pdftex.def)             Requested size: 272.01558pt x 204.7645pt.

[11 <D:/Documents/stuff/UWA/2nd Year/Sem 1/CITS2200 - Data Structures and Algor
ithms/2200Project/lib/report/images/centres.png>]
Underfull \hbox (badness 10000) in paragraph at lines 156--157
[]$\OT1/cmtt/m/n/10.95 http : / / teaching . csse . uwa . edu . au / units / CI
TS2200 / Labs /$
 []


Underfull \hbox (badness 10000) in paragraph at lines 161--162
[]$\OT1/cmtt/m/n/10.95 https : / / www . hackerearth . com / practice / algorit
hms / graphs /$
 []


Underfull \hbox (badness 10000) in paragraph at lines 163--164
[]$\OT1/cmtt/m/n/10.95 https : / / web . stanford . edu / class / archive / cs 
/ cs161 / cs161 . 1138 /$
 []


Underfull \hbox (badness 10000) in paragraph at lines 165--167
[]$\OT1/cmtt/m/n/10.95 https : / / www . hackerearth . com / practice / algorit
hms / graphs /$
 []

Package atveryend Info: Empty hook `BeforeClearDocument' on input line 174.
[12]
Package atveryend Info: Empty hook `AfterLastShipout' on input line 174.

("D:\Documents\stuff\UWA\2nd Year\Sem 1\CITS2200 - Data Structures and Algorith
ms\2200Project\lib\report\CITS2200 project report.aux")
Package atveryend Info: Executing hook `AtVeryEndDocument' on input line 174.
Package atveryend Info: Executing hook `AtEndAfterFileList' on input line 174.
Package rerunfilecheck Info: File `CITS2200*project*report.out' has not changed
.
(rerunfilecheck)             Checksum: <no file>.
Package atveryend Info: Empty hook `AtVeryVeryEnd' on input line 174.
 ) 
Here is how much of TeX's memory you used:
 6208 strings out of 493921
 97288 string characters out of 3146456
 172448 words of memory out of 3000000
 9415 multiletter control sequences out of 15000+200000
 9325 words of font info for 33 fonts, out of 3000000 for 9000
 841 hyphenation exceptions out of 8191
 42i,8n,40p,821b,461s stack positions out of 5000i,500n,10000p,200000b,50000s
<D:/Program Files (x86)/MiKTeX/fonts/type1/public/amsfonts/cm/cmbx10.pfb><D:/
Program Files (x86)/MiKTeX/fonts/type1/public/amsfonts/cm/cmbx12.pfb><D:/Progra
m Files (x86)/MiKTeX/fonts/type1/public/amsfonts/cm/cmmi10.pfb><D:/Program File
s (x86)/MiKTeX/fonts/type1/public/amsfonts/cm/cmmi8.pfb><D:/Program Files (x86)
/MiKTeX/fonts/type1/public/amsfonts/cm/cmr10.pfb><D:/Program Files (x86)/MiKTeX
/fonts/type1/public/amsfonts/cm/cmr12.pfb><D:/Program Files (x86)/MiKTeX/fonts/
type1/public/amsfonts/cm/cmr17.pfb><D:/Program Files (x86)/MiKTeX/fonts/type1/p
ublic/amsfonts/cm/cmr8.pfb><D:/Program Files (x86)/MiKTeX/fonts/type1/public/am
sfonts/cm/cmsy10.pfb><D:/Program Files (x86)/MiKTeX/fonts/type1/public/amsfonts
/cm/cmsy8.pfb><D:/Program Files (x86)/MiKTeX/fonts/type1/public/amsfonts/cm/cmt
i10.pfb><D:/Program Files (x86)/MiKTeX/fonts/type1/public/amsfonts/cm/cmtt10.pf
b>
Output written on "CITS2200 project report.pdf" (12 pages, 450712 bytes).
PDF statistics:
 249 PDF objects out of 1000 (max. 8388607)
 54 named destinations out of 1000 (max. 500000)
 213 words of extra memory for PDF output out of 10000 (max. 10000000)

